[0.015s] Invoking command in '/home/rinaldo/baile/src/d4nc3r_description/build/dancer': /usr/bin/cmake /home/rinaldo/baile/src/d4nc3r_description -DCMAKE_INSTALL_PREFIX=/home/rinaldo/baile/src/d4nc3r_description/install/dancer
[0.097s] -- The C compiler identification is GNU 11.4.0
[0.188s] -- The CXX compiler identification is GNU 11.4.0
[0.202s] -- Detecting C compiler ABI info
[0.308s] -- Detecting C compiler ABI info - done
[0.322s] -- Check for working C compiler: /usr/bin/cc - skipped
[0.323s] -- Detecting C compile features
[0.323s] -- Detecting C compile features - done
[0.329s] -- Detecting CXX compiler ABI info
[0.451s] -- Detecting CXX compiler ABI info - done
[0.464s] -- Check for working CXX compiler: /usr/bin/c++ - skipped
[0.464s] -- Detecting CXX compile features
[0.465s] -- Detecting CXX compile features - done
[0.470s] -- Found ament_cmake: 1.3.10 (/opt/ros/humble/share/ament_cmake/cmake)
[0.709s] -- Found Python3: /usr/bin/python3 (found version "3.10.12") found components: Interpreter 
[0.865s] -- Found ament_lint_auto: 0.12.11 (/opt/ros/humble/share/ament_lint_auto/cmake)
[0.866s] [0mCMake Error: File /home/rinaldo/baile/src/d4nc3r_description/package.xml does not exist.[0m
[0.866s] [31mCMake Error at /opt/ros/humble/share/ament_cmake_core/cmake/core/stamp.cmake:24 (configure_file):
[0.866s]   configure_file Problem configuring file
[0.867s] Call Stack (most recent call first):
[0.867s]   /opt/ros/humble/share/ament_cmake_core/cmake/core/ament_package_xml.cmake:73 (stamp)
[0.867s]   /opt/ros/humble/share/ament_cmake_core/cmake/core/ament_package_xml.cmake:49 (_ament_package_xml)
[0.867s]   /opt/ros/humble/share/ament_lint_auto/cmake/ament_lint_auto_find_test_dependencies.cmake:31 (ament_package_xml)
[0.867s]   CMakeLists.txt:23 (ament_lint_auto_find_test_dependencies)
[0.868s] 
[0.868s] [0m
[0.868s] [0mCMake Error: File /home/rinaldo/baile/src/d4nc3r_description/package.xml does not exist.[0m
[0.868s] [31mCMake Error at /opt/ros/humble/share/ament_cmake_core/cmake/core/stamp.cmake:24 (configure_file):
[0.868s]   configure_file Problem configuring file
[0.869s] Call Stack (most recent call first):
[0.869s]   /opt/ros/humble/share/ament_cmake_core/cmake/core/ament_package_xml.cmake:73 (stamp)
[0.869s]   /opt/ros/humble/share/ament_cmake_core/cmake/core/ament_package_xml.cmake:49 (_ament_package_xml)
[0.869s]   /opt/ros/humble/share/ament_cmake_core/cmake/core/ament_package.cmake:63 (ament_package_xml)
[0.869s]   CMakeLists.txt:26 (ament_package)
[0.869s] 
[0.870s] [0m
[0.872s] -- Configuring incomplete, errors occurred!
[0.872s] See also "/home/rinaldo/baile/src/d4nc3r_description/build/dancer/CMakeFiles/CMakeOutput.log".
[0.878s] Invoked command in '/home/rinaldo/baile/src/d4nc3r_description/build/dancer' returned '1': /usr/bin/cmake /home/rinaldo/baile/src/d4nc3r_description -DCMAKE_INSTALL_PREFIX=/home/rinaldo/baile/src/d4nc3r_description/install/dancer
