[0.168s] DEBUG:colcon:Command line arguments: ['/usr/bin/colcon', 'build']
[0.168s] DEBUG:colcon:Parsed command line arguments: Namespace(log_base=None, log_level=None, verb_name='build', build_base='build', install_base='install', merge_install=False, symlink_install=False, test_result_base=None, continue_on_error=False, executor='parallel', parallel_workers=4, event_handlers=None, ignore_user_meta=False, metas=['./colcon.meta'], base_paths=['.'], packages_ignore=None, packages_ignore_regex=None, paths=None, packages_up_to=None, packages_up_to_regex=None, packages_above=None, packages_above_and_dependencies=None, packages_above_depth=None, packages_select_by_dep=None, packages_skip_by_dep=None, packages_skip_up_to=None, packages_select_build_failed=False, packages_skip_build_finished=False, packages_select_test_failures=False, packages_skip_test_passed=False, packages_select=None, packages_skip=None, packages_select_regex=None, packages_skip_regex=None, packages_start=None, packages_end=None, allow_overriding=[], cmake_args=None, cmake_target=None, cmake_target_skip_unavailable=False, cmake_clean_cache=False, cmake_clean_first=False, cmake_force_configure=False, ament_cmake_args=None, catkin_cmake_args=None, catkin_skip_building_tests=False, verb_parser=<colcon_defaults.argument_parser.defaults.DefaultArgumentsDecorator object at 0x706ac5554940>, verb_extension=<colcon_core.verb.build.BuildVerb object at 0x706ac5554400>, main=<bound method BuildVerb.main of <colcon_core.verb.build.BuildVerb object at 0x706ac5554400>>)
[0.427s] Level 1:colcon.colcon_core.package_discovery:discover_packages(colcon_meta) check parameters
[0.427s] Level 1:colcon.colcon_core.package_discovery:discover_packages(recursive) check parameters
[0.427s] Level 1:colcon.colcon_core.package_discovery:discover_packages(ignore) check parameters
[0.427s] Level 1:colcon.colcon_core.package_discovery:discover_packages(path) check parameters
[0.427s] Level 1:colcon.colcon_core.package_discovery:discover_packages(colcon_meta) discover
[0.427s] Level 1:colcon.colcon_core.package_discovery:discover_packages(recursive) discover
[0.427s] INFO:colcon.colcon_core.package_discovery:Crawling recursively for packages in '/home/rinaldo/baile/src/d4nc3r_description'
[0.428s] Level 1:colcon.colcon_core.package_identification:_identify(.) by extensions ['ignore', 'ignore_ament_install']
[0.428s] Level 1:colcon.colcon_core.package_identification:_identify(.) by extension 'ignore'
[0.428s] Level 1:colcon.colcon_core.package_identification:_identify(.) by extension 'ignore_ament_install'
[0.428s] Level 1:colcon.colcon_core.package_identification:_identify(.) by extensions ['colcon_pkg']
[0.428s] Level 1:colcon.colcon_core.package_identification:_identify(.) by extension 'colcon_pkg'
[0.428s] Level 1:colcon.colcon_core.package_identification:_identify(.) by extensions ['colcon_meta']
[0.428s] Level 1:colcon.colcon_core.package_identification:_identify(.) by extension 'colcon_meta'
[0.428s] Level 1:colcon.colcon_core.package_identification:_identify(.) by extensions ['ros']
[0.428s] Level 1:colcon.colcon_core.package_identification:_identify(.) by extension 'ros'
[0.445s] Level 1:colcon.colcon_core.package_identification:_identify(.) by extensions ['cmake', 'python']
[0.446s] Level 1:colcon.colcon_core.package_identification:_identify(.) by extension 'cmake'
[0.448s] Level 1:colcon.colcon_core.package_identification:_identify(.) by extension 'python'
[0.448s] DEBUG:colcon.colcon_core.package_identification:Package '.' with type 'cmake' and name 'dancer'
[0.448s] Level 1:colcon.colcon_core.package_discovery:discover_packages(recursive) using defaults
[0.448s] Level 1:colcon.colcon_core.package_discovery:discover_packages(ignore) discover
[0.448s] Level 1:colcon.colcon_core.package_discovery:discover_packages(ignore) using defaults
[0.448s] Level 1:colcon.colcon_core.package_discovery:discover_packages(path) discover
[0.448s] Level 1:colcon.colcon_core.package_discovery:discover_packages(path) using defaults
[0.477s] Level 1:colcon.colcon_core.package_discovery:discover_packages(prefix_path) check parameters
[0.477s] Level 1:colcon.colcon_core.package_discovery:discover_packages(prefix_path) discover
[0.480s] DEBUG:colcon.colcon_installed_package_information.package_discovery:Found 10 installed packages in /home/rinaldo/wsrb/install
[0.483s] DEBUG:colcon.colcon_installed_package_information.package_discovery:Found 350 installed packages in /opt/ros/humble
[0.485s] Level 1:colcon.colcon_core.package_discovery:discover_packages(prefix_path) using defaults
[0.570s] Level 5:colcon.colcon_core.verb:set package 'dancer' build argument 'cmake_args' from command line to 'None'
[0.570s] Level 5:colcon.colcon_core.verb:set package 'dancer' build argument 'cmake_target' from command line to 'None'
[0.571s] Level 5:colcon.colcon_core.verb:set package 'dancer' build argument 'cmake_target_skip_unavailable' from command line to 'False'
[0.571s] Level 5:colcon.colcon_core.verb:set package 'dancer' build argument 'cmake_clean_cache' from command line to 'False'
[0.571s] Level 5:colcon.colcon_core.verb:set package 'dancer' build argument 'cmake_clean_first' from command line to 'False'
[0.571s] Level 5:colcon.colcon_core.verb:set package 'dancer' build argument 'cmake_force_configure' from command line to 'False'
[0.571s] Level 5:colcon.colcon_core.verb:set package 'dancer' build argument 'ament_cmake_args' from command line to 'None'
[0.571s] Level 5:colcon.colcon_core.verb:set package 'dancer' build argument 'catkin_cmake_args' from command line to 'None'
[0.571s] Level 5:colcon.colcon_core.verb:set package 'dancer' build argument 'catkin_skip_building_tests' from command line to 'False'
[0.571s] DEBUG:colcon.colcon_core.verb:Building package 'dancer' with the following arguments: {'ament_cmake_args': None, 'build_base': '/home/rinaldo/baile/src/d4nc3r_description/build/dancer', 'catkin_cmake_args': None, 'catkin_skip_building_tests': False, 'cmake_args': None, 'cmake_clean_cache': False, 'cmake_clean_first': False, 'cmake_force_configure': False, 'cmake_target': None, 'cmake_target_skip_unavailable': False, 'install_base': '/home/rinaldo/baile/src/d4nc3r_description/install/dancer', 'merge_install': False, 'path': '/home/rinaldo/baile/src/d4nc3r_description', 'symlink_install': False, 'test_result_base': None}
[0.571s] INFO:colcon.colcon_core.executor:Executing jobs using 'parallel' executor
[0.572s] DEBUG:colcon.colcon_parallel_executor.executor.parallel:run_until_complete
[0.573s] INFO:colcon.colcon_cmake.task.cmake.build:Building CMake package in '/home/rinaldo/baile/src/d4nc3r_description'
[0.576s] INFO:colcon.colcon_core.plugin_system:Skipping extension 'colcon_core.shell.bat': Not used on non-Windows systems
[0.576s] INFO:colcon.colcon_core.shell:Skip shell extension 'powershell' for command environment: Not usable outside of PowerShell
[0.576s] DEBUG:colcon.colcon_core.shell:Skip shell extension 'dsv' for command environment
[0.589s] DEBUG:colcon.colcon_core.event_handler.log_command:Invoking command in '/home/rinaldo/baile/src/d4nc3r_description/build/dancer': /usr/bin/cmake /home/rinaldo/baile/src/d4nc3r_description -DCMAKE_INSTALL_PREFIX=/home/rinaldo/baile/src/d4nc3r_description/install/dancer
[1.452s] DEBUG:colcon.colcon_core.event_handler.log_command:Invoked command in '/home/rinaldo/baile/src/d4nc3r_description/build/dancer' returned '1': /usr/bin/cmake /home/rinaldo/baile/src/d4nc3r_description -DCMAKE_INSTALL_PREFIX=/home/rinaldo/baile/src/d4nc3r_description/install/dancer
[1.452s] DEBUG:colcon.colcon_parallel_executor.executor.parallel:closing loop
[1.453s] DEBUG:colcon.colcon_parallel_executor.executor.parallel:loop closed
[1.453s] DEBUG:colcon.colcon_parallel_executor.executor.parallel:run_until_complete finished with '1'
[1.454s] DEBUG:colcon.colcon_core.event_reactor:joining thread
[1.461s] INFO:colcon.colcon_core.plugin_system:Skipping extension 'colcon_notification.desktop_notification.terminal_notifier': Not used on non-Darwin systems
[1.462s] INFO:colcon.colcon_core.plugin_system:Skipping extension 'colcon_notification.desktop_notification.win32': Not used on non-Windows systems
[1.462s] INFO:colcon.colcon_notification.desktop_notification:Sending desktop notification using 'notify2'
[1.479s] DEBUG:colcon.colcon_core.event_reactor:joined thread
[1.479s] INFO:colcon.colcon_core.shell:Creating prefix script '/home/rinaldo/baile/src/d4nc3r_description/install/local_setup.ps1'
[1.481s] INFO:colcon.colcon_core.shell:Creating prefix util module '/home/rinaldo/baile/src/d4nc3r_description/install/_local_setup_util_ps1.py'
[1.484s] INFO:colcon.colcon_core.shell:Creating prefix chain script '/home/rinaldo/baile/src/d4nc3r_description/install/setup.ps1'
[1.486s] INFO:colcon.colcon_core.shell:Creating prefix script '/home/rinaldo/baile/src/d4nc3r_description/install/local_setup.sh'
[1.487s] INFO:colcon.colcon_core.shell:Creating prefix util module '/home/rinaldo/baile/src/d4nc3r_description/install/_local_setup_util_sh.py'
[1.487s] INFO:colcon.colcon_core.shell:Creating prefix chain script '/home/rinaldo/baile/src/d4nc3r_description/install/setup.sh'
[1.489s] INFO:colcon.colcon_core.shell:Creating prefix script '/home/rinaldo/baile/src/d4nc3r_description/install/local_setup.bash'
[1.490s] INFO:colcon.colcon_core.shell:Creating prefix chain script '/home/rinaldo/baile/src/d4nc3r_description/install/setup.bash'
[1.492s] INFO:colcon.colcon_core.shell:Creating prefix script '/home/rinaldo/baile/src/d4nc3r_description/install/local_setup.zsh'
[1.493s] INFO:colcon.colcon_core.shell:Creating prefix chain script '/home/rinaldo/baile/src/d4nc3r_description/install/setup.zsh'
